<?xml version="1.0" encoding="UTF-8"?>
<robot generator="Robot 4.1.3 (Python 3.10.0 on win32)" generated="20220209 08:47:06.175" rpa="false" schemaversion="2">
<suite id="s1" name="Orange Hrm Suite" source="C:\Users\pc\PycharmProjects\nithish_python\robotframework\selenium_suite\orange_hrm_suite.robot">
<test id="s1-t1" name="TC1 valid login">
<kw name="Append To Environment Variable" library="OperatingSystem">
<arg>path</arg>
<arg>${EXECDIR}\\driver</arg>
<doc>Appends given ``values`` to environment variable ``name``.</doc>
<msg timestamp="20220209 08:47:06.805" level="INFO">Environment variable 'path' set to value 'C:\Users\pc\AppData\Local\Programs\Python\Python310\Scripts\;C:\Users\pc\AppData\Local\Programs\Python\Python310\;C:\Program Files\Java\jdk-17.0.1\bin;C:\Program Files\Common Files\Oracle\Java\javapath;C:\Program Files (x86)\VMware\VMware Player\bin\;C:\Windows\system32;C:\Windows;C:\Windows\System32\Wbem;C:\Windows\System32\WindowsPowerShell\v1.0\;C:\msys64\mingw64\bin;C:\msys64\mingw64\bin;F:\jdk-17.0.1\bin;F:\Nithish_java;F:\Nithish;C:\Program Files\Git\cmd;C:\Users\pc\AppData\Local\Programs\Python\Python310\Scripts\;C:\Users\pc\AppData\Local\Programs\Python\Python310\;C:\Users\pc\AppData\Local\Microsoft\WindowsApps;C:\msys64\mingw64\bin;C:\Users\pc\AppData\Local\Programs\Microsoft VS Code\bin;;C:\Users\pc\PycharmProjects\nithish_python\robotframework\driver'.</msg>
<status status="PASS" starttime="20220209 08:47:06.804" endtime="20220209 08:47:06.805"/>
</kw>
<kw name="Open Browser" library="SeleniumLibrary">
<arg>url=https://opensource-demo.orangehrmlive.com/</arg>
<arg>browser=chrome</arg>
<arg>executable_path=${EXECDIR}/driver/chromedriver</arg>
<doc>Opens a new browser instance to the optional ``url``.</doc>
<msg timestamp="20220209 08:47:06.806" level="INFO">Opening browser 'chrome' to base url 'https://opensource-demo.orangehrmlive.com/'.</msg>
<status status="PASS" starttime="20220209 08:47:06.806" endtime="20220209 08:47:13.018"/>
</kw>
<kw name="Input Text" library="SeleniumLibrary">
<arg>id=txtUsername</arg>
<arg>Admin</arg>
<doc>Types the given ``text`` into the text field identified by ``locator``.</doc>
<msg timestamp="20220209 08:47:13.023" level="INFO">Typing text 'Admin' into text field 'id=txtUsername'.</msg>
<status status="PASS" starttime="20220209 08:47:13.021" endtime="20220209 08:47:13.201"/>
</kw>
<kw name="Input Password" library="SeleniumLibrary">
<arg>id=txtPassword</arg>
<arg>admin123</arg>
<doc>Types the given password into the text field identified by ``locator``.</doc>
<msg timestamp="20220209 08:47:13.202" level="INFO">Typing password into text field 'id=txtPassword'.</msg>
<msg timestamp="20220209 08:47:13.257" level="INFO">Temporally setting log level to: NONE</msg>
<msg timestamp="20220209 08:47:13.313" level="INFO">Log level changed from NONE to INFO.</msg>
<status status="PASS" starttime="20220209 08:47:13.202" endtime="20220209 08:47:13.313"/>
</kw>
<kw name="Click Element" library="SeleniumLibrary">
<arg>name=Submit</arg>
<doc>Click the element identified by ``locator``.</doc>
<msg timestamp="20220209 08:47:13.314" level="INFO">Clicking element 'name=Submit'.</msg>
<status status="PASS" starttime="20220209 08:47:13.313" endtime="20220209 08:47:15.066"/>
</kw>
<kw name="Open Browser" library="SeleniumLibrary">
<arg>url=https://opensource-demo.orangehrmlive.com/</arg>
<arg>browser=chrome</arg>
<arg>executable_path=${EXECDIR}/driver/chromedriver</arg>
<doc>Opens a new browser instance to the optional ``url``.</doc>
<msg timestamp="20220209 08:47:15.073" level="INFO">Opening browser 'chrome' to base url 'https://opensource-demo.orangehrmlive.com/'.</msg>
<status status="PASS" starttime="20220209 08:47:15.069" endtime="20220209 08:47:20.461"/>
</kw>
<kw name="Get Location" library="SeleniumLibrary">
<var>${url}</var>
<doc>Returns the current browser window URL.</doc>
<msg timestamp="20220209 08:47:20.468" level="INFO">${url} = https://opensource-demo.orangehrmlive.com/</msg>
<status status="PASS" starttime="20220209 08:47:20.462" endtime="20220209 08:47:20.468"/>
</kw>
<kw name="Click Element" library="SeleniumLibrary">
<arg>id=welcome</arg>
<doc>Click the element identified by ``locator``.</doc>
<msg timestamp="20220209 08:47:20.468" level="INFO">Clicking element 'id=welcome'.</msg>
<msg timestamp="20220209 08:47:20.661" level="INFO" html="true">&lt;/td&gt;&lt;/tr&gt;&lt;tr&gt;&lt;td colspan="3"&gt;&lt;a href="selenium-screenshot-6.png"&gt;&lt;img src="selenium-screenshot-6.png" width="800px"&gt;&lt;/a&gt;</msg>
<msg timestamp="20220209 08:47:20.733" level="FAIL">Element with locator 'id=welcome' not found.</msg>
<status status="FAIL" starttime="20220209 08:47:20.468" endtime="20220209 08:47:20.733"/>
</kw>
<status status="FAIL" starttime="20220209 08:47:06.804" endtime="20220209 08:47:20.734">Element with locator 'id=welcome' not found.</status>
</test>
<status status="FAIL" starttime="20220209 08:47:06.179" endtime="20220209 08:47:20.736"/>
</suite>
<statistics>
<total>
<stat pass="0" fail="1" skip="0">All Tests</stat>
</total>
<tag>
</tag>
<suite>
<stat pass="0" fail="1" skip="0" id="s1" name="Orange Hrm Suite">Orange Hrm Suite</stat>
</suite>
</statistics>
<errors>
</errors>
</robot>
